<?xml version="1.0" encoding="UTF-8"?>
<!-- Generated by org.testng.reporters.JUnitReportReporter -->
<testsuite hostname="DESKTOP-3GK0T6F" failures="0" tests="1" name="FirstGetreq" time="4.497" errors="0" timestamp="03 Jun 2025 05:39:05 GMT" skipped="0">
  <testcase classname="FirstGetreq" name="Testcase01" time="4.497"/>
</testsuite> <!-- FirstGetreq -->
