<?xml version="1.0" encoding="UTF-8"?>
<!-- Generated by org.testng.reporters.JUnitReportReporter -->
<testsuite hostname="DESKTOP-3GK0T6F" failures="0" tests="2" name="Session18.FileUploadinJSon" time="6.253" errors="0" timestamp="10 Jun 2025 03:56:59 GMT" skipped="0">
  <testcase classname="Session18.FileUploadinJSon" name="ImageUpload" time="5.036"/>
  <testcase classname="Session18.FileUploadinJSon" name="FileUpload" time="1.217"/>
</testsuite> <!-- Session18.FileUploadinJSon -->
