<?xml version="1.0" encoding="UTF-8"?>
<!-- Generated by org.testng.reporters.JUnitReportReporter -->
<testsuite hostname="DESKTOP-3GK0T6F" failures="0" tests="1" name="Session17.JSONObjectUsingJacksonAPI" time="1.245" errors="0" timestamp="09 Jun 2025 14:08:47 GMT" skipped="0">
  <testcase classname="Session17.JSONObjectUsingJacksonAPI" name="CreateUserJacksonAPI" time="1.245"/>
</testsuite> <!-- Session17.JSONObjectUsingJacksonAPI -->
