<?xml version="1.0" encoding="UTF-8"?>
<!-- Generated by org.testng.reporters.JUnitReportReporter -->
<testsuite hostname="DESKTOP-3GK0T6F" failures="0" tests="1" name="Session22.POJOClassWithNestedJSON" time="5.247" errors="0" timestamp="12 Jun 2025 05:32:13 GMT" skipped="0">
  <testcase classname="Session22.POJOClassWithNestedJSON" name="CreateUser" time="5.247"/>
</testsuite> <!-- Session22.POJOClassWithNestedJSON -->
