<?xml version="1.0" encoding="UTF-8"?>
<!-- Generated by org.testng.reporters.JUnitReportReporter -->
<testsuite hostname="DESKTOP-3GK0T6F" failures="0" tests="1" name="Session05.ValiidateResponseHeader" time="3.953" errors="0" timestamp="20 Jun 2025 15:25:50 GMT" skipped="0">
  <testcase classname="Session05.ValiidateResponseHeader" name="header" time="3.953"/>
</testsuite> <!-- Session05.ValiidateResponseHeader -->
