<?xml version="1.0" encoding="UTF-8"?>
<!-- Generated by org.testng.reporters.JUnitReportReporter -->
<testsuite hostname="DESKTOP-3GK0T6F" failures="0" tests="1" name="Session10.Authi_withAPIkey" time="3.279" errors="0" timestamp="07 Jun 2025 03:14:34 GMT" skipped="0">
  <testcase classname="Session10.Authi_withAPIkey" name="AuthenticationAPI" time="3.279"/>
</testsuite> <!-- Session10.Authi_withAPIkey -->
