<?xml version="1.0" encoding="UTF-8"?>
<!-- Generated by org.testng.reporters.JUnitReportReporter -->
<testsuite hostname="DESKTOP-3GK0T6F" failures="0" tests="1" name="Session30.JSONSchemaValidation" time="8.082" errors="0" timestamp="19 Jun 2025 04:10:08 GMT" skipped="0">
  <testcase classname="Session30.JSONSchemaValidation" name="JSonSchemaValidation" time="8.082"/>
</testsuite> <!-- Session30.JSONSchemaValidation -->
