<?xml version="1.0" encoding="UTF-8"?>
<!-- Generated by org.testng.reporters.JUnitReportReporter -->
<testsuite hostname="DESKTOP-3GK0T6F" failures="0" tests="2" name="Session14.ValidateResponseXML" time="5.138" errors="0" timestamp="23 Jun 2025 11:35:52 GMT" skipped="1">
  <testcase classname="Session14.ValidateResponseXML" name="PetDataJSON" time="5.138"/>
  <testcase classname="Session14.ValidateResponseXML" name="PetDataXML">
    <skipped/>
  </testcase> <!-- PetDataXML -->
</testsuite> <!-- Session14.ValidateResponseXML -->
