<?xml version="1.0" encoding="UTF-8"?>
<!-- Generated by org.testng.reporters.JUnitReportReporter -->
<testsuite hostname="DESKTOP-3GK0T6F" failures="0" tests="4" name="Session28.AddHeadersInRequest" time="41.546" errors="0" timestamp="26 Jun 2025 15:25:43 GMT" skipped="0">
  <testcase classname="Session28.AddHeadersInRequest" name="headertest3" time="14.071"/>
  <testcase classname="Session28.AddHeadersInRequest" name="headertest2" time="9.096"/>
  <testcase classname="Session28.AddHeadersInRequest" name="headertest1" time="15.805"/>
  <testcase classname="Session28.AddHeadersInRequest" name="headertest4" time="2.574"/>
</testsuite> <!-- Session28.AddHeadersInRequest -->
