<?xml version="1.0" encoding="UTF-8"?>
<!-- Generated by org.testng.reporters.JUnitReportReporter -->
<testsuite hostname="DESKTOP-3GK0T6F" failures="0" tests="1" name="SessionPOJO.serializationanddeserialization" time="6.566" errors="0" timestamp="07 Jun 2025 08:10:11 GMT" skipped="0">
  <testcase classname="SessionPOJO.serializationanddeserialization" name="CreateJSONobjectFromEmployeeclassobject" time="6.566"/>
</testsuite> <!-- SessionPOJO.serializationanddeserialization -->
