<?xml version="1.0" encoding="UTF-8"?>
<!-- Generated by org.testng.reporters.JUnitReportReporter -->
<testsuite hostname="DESKTOP-3GK0T6F" failures="0" tests="1" name="Session21.POJOArrayWithSerialAndDeserialization" time="7.598" errors="0" timestamp="24 Jun 2025 05:58:14 GMT" skipped="0">
  <testcase classname="Session21.POJOArrayWithSerialAndDeserialization" name="EmployeeJSONArray" time="7.598"/>
</testsuite> <!-- Session21.POJOArrayWithSerialAndDeserialization -->
