<?xml version="1.0" encoding="UTF-8"?>
<!-- Generated by org.testng.reporters.JUnitReportReporter -->
<testsuite hostname="DESKTOP-3GK0T6F" failures="0" tests="3" name="Session04.CheckForValidResponse" time="3.630" errors="0" timestamp="05 Jun 2025 05:52:32 GMT" skipped="2">
  <testcase classname="Session04.CheckForValidResponse" name="Get_BDDStyle" time="3.630"/>
  <testcase classname="Session04.CheckForValidResponse" name="GetSingleUser">
    <skipped/>
  </testcase> <!-- GetSingleUser -->
  <testcase classname="Session04.CheckForValidResponse" name="GetuserValidatableResponse">
    <skipped/>
  </testcase> <!-- GetuserValidatableResponse -->
</testsuite> <!-- Session04.CheckForValidResponse -->
