<?xml version="1.0" encoding="UTF-8"?>
<!-- Generated by org.testng.reporters.JUnitReportReporter -->
<testsuite hostname="DESKTOP-3GK0T6F" failures="0" tests="1" name="Session13.RetriveQueryRequest" time="4.103" errors="0" timestamp="23 Jun 2025 11:09:46 GMT" skipped="0">
  <testcase classname="Session13.RetriveQueryRequest" name="CreateUser" time="4.103"/>
</testsuite> <!-- Session13.RetriveQueryRequest -->
