<?xml version="1.0" encoding="UTF-8"?>
<!-- Generated by org.testng.reporters.JUnitReportReporter -->
<testsuite hostname="DESKTOP-3GK0T6F" failures="0" tests="2" name="Session15.JSonObjectUsingJAVAMap" time="3.205" errors="0" timestamp="08 Jun 2025 15:30:15 GMT" skipped="1">
  <testcase classname="Session15.JSonObjectUsingJAVAMap" name="UserCreation" time="3.205"/>
  <testcase classname="Session15.JSonObjectUsingJAVAMap" name="CreateData">
    <skipped/>
  </testcase> <!-- CreateData -->
</testsuite> <!-- Session15.JSonObjectUsingJAVAMap -->
