<?xml version="1.0" encoding="UTF-8"?>
<!-- Generated by org.testng.reporters.JUnitReportReporter -->
<testsuite hostname="DESKTOP-3GK0T6F" failures="0" tests="2" name="Session27.MockTestAPI" time="6.059" errors="0" timestamp="17 Jun 2025 07:20:20 GMT" skipped="0">
  <testcase classname="Session27.MockTestAPI" name="MockTest" time="4.698"/>
  <testcase classname="Session27.MockTestAPI" name="POJOTest" time="1.361"/>
</testsuite> <!-- Session27.MockTestAPI -->
