<?xml version="1.0" encoding="UTF-8"?>
<!-- Generated by org.testng.reporters.JUnitReportReporter -->
<testsuite hostname="DESKTOP-3GK0T6F" failures="0" tests="1" name="Session25.JSonIgnore" time="0.631" errors="0" timestamp="16 Jun 2025 08:25:01 GMT" skipped="0">
  <testcase classname="Session25.JSonIgnore" name="EmployeeIgnore" time="0.631"/>
</testsuite> <!-- Session25.JSonIgnore -->
