<?xml version="1.0" encoding="UTF-8"?>
<!-- Generated by org.testng.reporters.JUnitReportReporter -->
<testsuite hostname="DESKTOP-3GK0T6F" failures="0" tests="2" name="Session08.Authorization" time="6.404" errors="0" timestamp="06 Jun 2025 08:13:03 GMT" skipped="0">
  <testcase classname="Session08.Authorization" name="DigestAuth" time="2.131"/>
  <testcase classname="Session08.Authorization" name="BasicAuth" time="4.273"/>
</testsuite> <!-- Session08.Authorization -->
