<?xml version="1.0" encoding="UTF-8"?>
<!-- Generated by org.testng.reporters.JUnitReportReporter -->
<testsuite hostname="DESKTOP-3GK0T6F" failures="0" tests="1" name="Session26.IgnoreUnKnown" time="0.764" errors="0" timestamp="17 Jun 2025 04:04:33 GMT" skipped="0">
  <testcase classname="Session26.IgnoreUnKnown" name="Empdata" time="0.764"/>
</testsuite> <!-- Session26.IgnoreUnKnown -->
