<?xml version="1.0" encoding="UTF-8"?>
<!-- Generated by org.testng.reporters.JUnitReportReporter -->
<testsuite hostname="DESKTOP-3GK0T6F" failures="0" tests="2" name="Session09.AuthBearer_Post" time="4.276" errors="0" timestamp="23 Jun 2025 07:39:24 GMT" skipped="1">
  <testcase classname="Session09.AuthBearer_Post" name="Testpost" time="4.276"/>
  <testcase classname="Session09.AuthBearer_Post" name="BearerTokenPost">
    <skipped/>
  </testcase> <!-- BearerTokenPost -->
</testsuite> <!-- Session09.AuthBearer_Post -->
