<?xml version="1.0" encoding="UTF-8"?>
<!-- Generated by org.testng.reporters.JUnitReportReporter -->
<testsuite hostname="DESKTOP-3GK0T6F" failures="0" tests="1" name="Session24.JSonInclude" time="0.903" errors="0" timestamp="12 Jun 2025 08:29:20 GMT" skipped="0">
  <testcase classname="Session24.JSonInclude" name="EmployeDetails" time="0.903"/>
</testsuite> <!-- Session24.JSonInclude -->
