<?xml version="1.0" encoding="UTF-8"?>
<!-- Generated by org.testng.reporters.JUnitReportReporter -->
<testsuite hostname="DESKTOP-3GK0T6F" failures="0" tests="1" name="Session20.SerializationAndDeserialization" time="5.125" errors="0" timestamp="24 Jun 2025 04:54:38 GMT" skipped="0">
  <testcase classname="Session20.SerializationAndDeserialization" name="CreateUser" time="5.125"/>
</testsuite> <!-- Session20.SerializationAndDeserialization -->
