<?xml version="1.0" encoding="UTF-8"?>
<!-- Generated by org.testng.reporters.JUnitReportReporter -->
<testsuite hostname="DESKTOP-3GK0T6F" failures="0" tests="2" name="Session11.Auth_OAuth2" time="7.144" errors="0" timestamp="27 Jun 2025 10:23:50 GMT" skipped="0">
  <testcase classname="Session11.Auth_OAuth2" name="GetAccessOAuth2" time="6.050"/>
  <testcase classname="Session11.Auth_OAuth2" name="ListInvoice" time="1.094"/>
</testsuite> <!-- Session11.Auth_OAuth2 -->
