<?xml version="1.0" encoding="UTF-8"?>
<!-- Generated by org.testng.reporters.JUnitReportReporter -->
<testsuite hostname="DESKTOP-3GK0T6F" failures="0" tests="1" name="Session03.Test_GetMethod" time="2.841" errors="0" timestamp="04 Jun 2025 13:58:30 GMT" skipped="0">
  <testcase classname="Session03.Test_GetMethod" name="test02" time="2.841"/>
</testsuite> <!-- Session03.Test_GetMethod -->
