<?xml version="1.0" encoding="UTF-8"?>
<!-- Generated by org.testng.reporters.JUnitReportReporter -->
<testsuite hostname="DESKTOP-3GK0T6F" failures="0" tests="3" name="Session29.ResponseMultipleValidation" time="5.506" errors="0" timestamp="26 Jun 2025 15:18:52 GMT" skipped="1">
  <testcase classname="Session29.ResponseMultipleValidation" name="GetbookingName" time="1.933"/>
  <testcase classname="Session29.ResponseMultipleValidation" name="GetAllBookingIDs" time="3.573"/>
  <testcase classname="Session29.ResponseMultipleValidation" name="Responsevalidation">
    <skipped/>
  </testcase> <!-- Responsevalidation -->
</testsuite> <!-- Session29.ResponseMultipleValidation -->
